<?xml version="1.0" encoding="UTF-8"?>
<testng-results ignored="0" total="1" passed="1" failed="0" skipped="0">
  <reporter-output>
  </reporter-output>
  <suite started-at="2021-10-30T19:07:57 IST" name="Default suite" finished-at="2021-10-30T19:08:00 IST" duration-ms="2813">
    <groups>
    </groups>
    <test started-at="2021-10-30T19:07:57 IST" name="Default test" finished-at="2021-10-30T19:08:00 IST" duration-ms="2813">
      <class name="EndToEndRMGY.CreateProjectAndVerifyInDatabase">
        <test-method is-config="true" signature="bsConfig()[pri:0, instance:EndToEndRMGY.CreateProjectAndVerifyInDatabase@483f6d77]" started-at="2021-10-30T19:07:56 IST" name="bsConfig" finished-at="2021-10-30T19:07:57 IST" duration-ms="1760" status="PASS">
          <reporter-output>
          </reporter-output>
        </test-method> <!-- bsConfig -->
        <test-method signature="createprojectAndVarifyIndatabase()[pri:0, instance:EndToEndRMGY.CreateProjectAndVerifyInDatabase@483f6d77]" started-at="2021-10-30T19:07:57 IST" name="createprojectAndVarifyIndatabase" finished-at="2021-10-30T19:08:00 IST" duration-ms="2771" status="PASS">
          <reporter-output>
          </reporter-output>
        </test-method> <!-- createprojectAndVarifyIndatabase -->
      </class> <!-- EndToEndRMGY.CreateProjectAndVerifyInDatabase -->
    </test> <!-- Default test -->
  </suite> <!-- Default suite -->
</testng-results>
